C51 COMPILER V9.59.0.0   ______________                                                    11/23/2018 13:07:15 PAGE 1   


C51 COMPILER V9.59.0.0, COMPILATION OF MODULE ______________
OBJECT MODULE PLACED IN ¾ØÕó¼üÅÌµÄ¼ì²â.OBJ
COMPILER INVOKED BY: C:\Keil_v5\C51\BIN\C51.EXE ¾ØÕó¼üÅÌµÄ¼ì²â.c OPTIMIZE(8,SPEED) BROWSE DEBUG OBJECTEXTEND TABS(2)

line level    source

   1          #include<reg52.h>
   2          typedef unsigned int u16;
   3          typedef unsigned char u8;
   4          
   5          //sbit LSA=P2^2;
   6          //sbit LSB=P2^3;
   7          //sbit LSC=P2^4;
   8          
   9          
  10          
  11          u8 code smgduan[17]={0x3f,0x06,0x5b,0x4f,0x66,0x6d,0x7d,0x07,
  12                               0x7f,0x6f,0x77,0x7c,0x39,0x5e,0x79,0x71};//ÏÔÊ¾0~FµÄÖµ
  13          
  14          void delay(u16 xms)//ÑÓÊ±º¯Êý
  15          { u16 j,i;
  16   1        for(i=xms;i>0;i--)
  17   1          for(j=110;j>0;j--);
  18   1      }
  19          
  20          void display(u8 num)
  21          {
  22   1        P0=smgduan[num];
  23   1        delay(10);
  24   1      }
  25          
  26          void matrixkeyscan()
  27          {
  28   1        u8 temp,key;
  29   1        
  30   1        P1=0XFE;
  31   1        temp=P1;
  32   1        temp=temp&0xf0;
  33   1        if (temp!=0xf0)
  34   1        {
  35   2          delay(10);
  36   2          temp=P1;
  37   2          temp=temp&0xf0;
  38   2            if (temp!=0xf0)
  39   2            {
  40   3              temp=P1;
  41   3              switch(temp)
  42   3              {
  43   4                case 0xee: key=0;
  44   4                           break;
  45   4                case 0xde: key=1;
  46   4                           break;
  47   4                case 0xbe: key=2;
  48   4                           break;
  49   4                case 0x7e: key=3;
  50   4                           break;
  51   4              }
  52   3              while(temp!=0xf0)
  53   3                {
  54   4                  temp=P1;
  55   4                  temp=temp&0xf0;
C51 COMPILER V9.59.0.0   ______________                                                    11/23/2018 13:07:15 PAGE 2   

  56   4                }
  57   3                  display(key);
  58   3            }
  59   2          }
  60   1        
  61   1          P1=0XFD;
  62   1        temp=P1;
  63   1        temp=temp&0xf0;
  64   1        if (temp!=0xf0)
  65   1        {
  66   2          delay(10);
  67   2          temp=P1;
  68   2          temp=temp&0xf0;
  69   2            if (temp!=0xf0)
  70   2            {
  71   3              temp=P1;
  72   3              switch(temp)
  73   3              {
  74   4                case 0xed: key=4;
  75   4                           break;
  76   4                case 0xdd: key=5;
  77   4                           break;
  78   4                case 0xbd: key=6;
  79   4                           break;
  80   4                case 0x7d: key=7;
  81   4                           break;
  82   4              }
  83   3              while(temp!=0xf0)
  84   3                {
  85   4                  temp=P1;
  86   4                  temp=temp&0xf0;
  87   4                }
  88   3                  display(key);
  89   3            }
  90   2          }
  91   1            
  92   1        P1=0XFB;
  93   1        temp=P1;
  94   1        temp=temp&0xf0;
  95   1        if (temp!=0xf0)
  96   1        {
  97   2          delay(10);
  98   2          temp=P1;
  99   2          temp=temp&0xf0;
 100   2            if (temp!=0xf0)
 101   2            {
 102   3              temp=P1;
 103   3              switch(temp)
 104   3              {
 105   4                case 0xeb: key=8;
 106   4                           break;
 107   4                case 0xdb: key=9;
 108   4                           break;
 109   4                case 0xbb: key=10;
 110   4                           break;
 111   4                case 0x7b: key=11;
 112   4                           break;
 113   4              }
 114   3              while(temp!=0xf0)
 115   3                {
 116   4                  temp=P1;
 117   4                  temp=temp&0xf0;
C51 COMPILER V9.59.0.0   ______________                                                    11/23/2018 13:07:15 PAGE 3   

 118   4                }
 119   3                  display(key);
 120   3            }
 121   2          }
 122   1              P1=0XF7;
 123   1        temp=P1;
 124   1        temp=temp&0xf0;
 125   1        if (temp!=0xf0)
 126   1        {
 127   2          delay(10);
 128   2          temp=P1;
 129   2          temp=temp&0xf0;
 130   2            if (temp!=0xf0)
 131   2            {
 132   3              temp=P1;
 133   3              switch(temp)
 134   3              {
 135   4                case 0xe7: key=12;
 136   4                           break;
 137   4                case 0xd7: key=13;
 138   4                           break;
 139   4                case 0xb7: key=14;
 140   4                           break;
 141   4                case 0x77: key=15;
 142   4                           break;
 143   4              }
 144   3              while(temp!=0xf0)
 145   3                {
 146   4                  temp=P1;
 147   4                  temp=temp&0xf0;
 148   4                }
 149   3                  display(key);
 150   3            }
 151   2        }
 152   1      }
 153          
 154          void main()
 155          {
 156   1        P0=0;
 157   1      //  LSA=0;LSB=0;LSC=0;
 158   1      //  LSA=1;LSB=0;LSC=0;
 159   1      //  LSA=0;LSB=1;LSC=0;
 160   1      //  LSA=1;LSB=1;LSC=0;
 161   1      //  LSA=0;LSB=0;LSC=1;
 162   1      //  LSA=1;LSB=0;LSC=1;
 163   1      //  LSA=0;LSB=1;LSC=1;
 164   1      //  LSA=1;LSB=1;LSC=1;
 165   1        while(1)
 166   1        {
 167   2          matrixkeyscan();
 168   2        }
 169   1      }


MODULE INFORMATION:   STATIC OVERLAYABLE
   CODE SIZE        =    409    ----
   CONSTANT SIZE    =     17    ----
   XDATA SIZE       =   ----    ----
   PDATA SIZE       =   ----    ----
   DATA SIZE        =   ----       2
   IDATA SIZE       =   ----    ----
   BIT SIZE         =   ----    ----
C51 COMPILER V9.59.0.0   ______________                                                    11/23/2018 13:07:15 PAGE 4   

END OF MODULE INFORMATION.


C51 COMPILATION COMPLETE.  0 WARNING(S),  0 ERROR(S)
