C51 COMPILER V9.52.0.0   ________                                                          09/05/2018 16:33:08 PAGE 1   


C51 COMPILER V9.52.0.0, COMPILATION OF MODULE ________
OBJECT MODULE PLACED IN .\生日快乐.obj
COMPILER INVOKED BY: C:\Keil_v5\C51\BIN\C51.EXE ..\..\..\Downloads\生日快乐.c BROWSE DEBUG OBJECTEXTEND PRINT(.\生日快乐
                    -.lst) OBJECT(.\生日快乐.obj)

line level    source

   1                              /*12Mhz晶振工作*/
   2          #include <reg51.h>
   3          #define uint unsigned int
   4          #define uchar unsigned char
   5          sbit voice=P1^5;
   6          uchar code sound[]={0xff,
   7                              0x4c,0x10,0x4c,0x10,0x48,0x10,0x4c,0x10,0x39,0x10,0x20,0x10,0xff,0x10,
   8                              0x4c,0x10,0x4c,0x10,0x48,0x10,0x4c,0x10,0x33,0x10,0x39,0x10,0xff,0x10,
   9                              0x4c,0x10,0x4c,0x10,0x4c,0x10,0x60,0x10,0x1c,0x10,0x20,0x10,0x24,0x10,
  10                              0x55,0x10,0x55,0x10,0x60,0x10,0x39,0x10,0x33,0x10,0x39,0x10,0xff,0x10,0x00,
  11                             };
  12          uchar zdjs=0, jp;
  13          del(yj);
  14          void main(void)
  15            {
  16   1            uint dpjs=0;
  17   1            uchar yj;
  18   1            TMOD=0x01,IE=0x82;
  19   1            TH0=0xd8, TL0=0xef;
  20   1         TR0=1;
  21   1      while(1)
  22   1         {  
  23   2            zdjs=0;
  24   2            dpjs++; yj=sound[dpjs]; 
  25   2           dpjs++; jp=sound[dpjs];
  26   2         while(zdjs!=jp)
  27   2             { 
  28   3            if(yj!=0xff)
  29   3         {
  30   4                   if(yj!=0)
  31   4                     {
  32   5                   voice=!voice;
  33   5                       del(yj);
  34   5                      }
  35   4                      else
  36   4                {
  37   5                dpjs=0; 
  38   5                            break;
  39   5                           }
  40   4          }
  41   3          else
  42   3            {
  43   4              voice=0;
  44   4                       del(jp);
  45   4          }
  46   3            }
  47   2             }
  48   1         }
  49          time0() interrupt 1  using 1
  50                {
  51   1               TH0=0xd8, TL0=0xef;
  52   1               zdjs++;
  53   1                 }
  54          del(yj)
C51 COMPILER V9.52.0.0   ________                                                          09/05/2018 16:33:08 PAGE 2   

  55              {
  56   1            uchar yj2=2;
  57   1             while(yj!=0)
  58   1               {      
  59   2                     while(yj2!=0)
  60   2                        {
  61   3                           yj2--;
  62   3                           }
  63   2                        yj2=2;
  64   2                   yj--;  
  65   2             }
  66   1         
  67   1           }
  68          /*                                 凌志电子编制                    */
  69          /*                            2018年9月5日16时32分36秒                  */
*** WARNING C290 IN LINE 67 OF ..\..\..\Downloads\生日快乐.c: missing return value


MODULE INFORMATION:   STATIC OVERLAYABLE
   CODE SIZE        =    140    ----
   CONSTANT SIZE    =     58    ----
   XDATA SIZE       =   ----    ----
   PDATA SIZE       =   ----    ----
   DATA SIZE        =      2       3
   IDATA SIZE       =   ----    ----
   BIT SIZE         =   ----    ----
END OF MODULE INFORMATION.


C51 COMPILATION COMPLETE.  1 WARNING(S),  0 ERROR(S)
