C51 COMPILER V9.59.0.0   2_2_2                                                             09/12/2018 13:00:38 PAGE 1   


C51 COMPILER V9.59.0.0, COMPILATION OF MODULE 2_2_2
OBJECT MODULE PLACED IN .\Objects\2.2.2.obj
COMPILER INVOKED BY: C:\Keil_v5\C51\BIN\C51.EXE 2.2.2.c OPTIMIZE(8,SPEED) BROWSE DEBUG OBJECTEXTEND PRINT(.\Listings\2.2
                    -.2.lst) TABS(2) OBJECT(.\Objects\2.2.2.obj)

line level    source

   1          #include<reg52.h> //52系列单片机头文件
   2          void main()     //主函数
   3          {
   4   1        P2=0x55;
   5   1        while(1);
   6   1      }


MODULE INFORMATION:   STATIC OVERLAYABLE
   CODE SIZE        =      5    ----
   CONSTANT SIZE    =   ----    ----
   XDATA SIZE       =   ----    ----
   PDATA SIZE       =   ----    ----
   DATA SIZE        =   ----    ----
   IDATA SIZE       =   ----    ----
   BIT SIZE         =   ----    ----
END OF MODULE INFORMATION.


C51 COMPILATION COMPLETE.  0 WARNING(S),  0 ERROR(S)
