C51 COMPILER V9.59.0.0   ____________                                                      05/19/2019 09:23:20 PAGE 1   


C51 COMPILER V9.59.0.0, COMPILATION OF MODULE ____________
OBJECT MODULE PLACED IN 独立键盘检测.OBJ
COMPILER INVOKED BY: C:\Keil_v5\C51\BIN\C51.EXE 独立键盘检测.c OPTIMIZE(8,SPEED) BROWSE DEBUG OBJECTEXTEND TABS(2)

line level    source

*** WARNING C500 IN LINE 1 OF 独立键盘检测.c: LICENSE ERROR (R207(3): REGISTRY READ ERROR)

   1          #include<reg52.h>         //52系列单片机头文件
   2          
   3          #define uint unsigned int //宏定义,数据类型
   4          #define uchar unsigned char
   5          
   6          sbit LSA=P2^2;    //寄存器声明
   7          sbit LSB=P2^3;
   8          sbit LSC=P2^4;
   9          sbit k1=P3^1;
  10          sbit k2=P3^0;
  11          sbit k3=P3^2;
  12          sbit k4=P3^3;
  13          
  14          uchar code smgduan[]={0x3F,0x06,0x5B,0x4F,
  15                                0x66,0x6D,0x7D,0x07,
  16                                0x7F,0x6F,0x77,0x7C,
  17                                0x39,0x5E,0x79,0x71};//显示0~F的值
  18          
  19          void delayxms(uint);      //延时函数声明
  20          uchar numt0,num;          //数据类型声明
  21          void display(uchar numdis)//数码管显示函数
  22          {
  23   1        uchar shi,ge;           //数据类型声明
  24   1        shi=numdis/10;          //把一个两位数分离后，分别送入数码管显示
  25   1        ge=numdis%10;           //十位和个位
  26   1        LSA=1;
  27   1        LSB=0;
  28   1        LSC=0;                  //将第二位数码管点亮
  29   1        P0=smgduan[shi];
  30   1        delayxms(5);            //延时5毫秒
  31   1        LSA=0;
  32   1        LSB=0;
  33   1        LSC=0;                  //点亮第一位数码管
  34   1        P0=smgduan[ge];
  35   1        delayxms(5);            //延时5毫秒
  36   1      }
  37          
  38          void delayxms(uint xms)   //延时函数
  39          {
  40   1        uint i,j;
  41   1        for(i=xms;i>0;i--)
  42   1          for(j=110;j>0;j--);   //延时约xms毫秒
  43   1      }
  44          
  45          void init()       //初始化函数
  46          {
  47   1        TMOD=0X01;      //设置定时器0为工作方式1
  48   1        TH0=0X4C;       //装初值50毫秒中断一次
  49   1        TL0=0X00;
  50   1        EA=1;           //开总中断
  51   1        ET0=1;          //开定时器0中断
  52   1      }
  53          
  54          void key()              //按键处理函数
C51 COMPILER V9.59.0.0   ____________                                                      05/19/2019 09:23:20 PAGE 2   

  55          {
  56   1        if(k1==0)             //检测按键1是否按下
  57   1        {
  58   2          delayxms(10);       //按键去抖
  59   2          if(k1==0)           //再次检测按键1是否按下
  60   2          {
  61   3            num++;            //num自增1
  62   3            if(num==60)       //当num到60时重新归0
  63   3            num=0;
  64   3            while(!k1);       //等待按键释放
  65   3          }
  66   2        }
  67   1        
  68   1        if(k2==0)             //检测按键2是否按下
  69   1        {
  70   2          delayxms(10);       //按键去抖，约10毫秒
  71   2          if(k2==0)           //再次检测按键2是否按下
  72   2          {
  73   3            if(num==0)        //当num到0时重新回归60
  74   3              num=60;
  75   3              num--;          //nun减一
  76   3              while(!k2);     //等待按键释放
  77   3          }
  78   2        }
  79   1        
  80   1        if(k3==0)             //检测按键3是否按下
  81   1        {
  82   2          delayxms(10);       //延时10毫秒，去除按键抖动
  83   2          if(k3==0)           //再次检测按键三是否按下
  84   2            {
  85   3              num=0;          //num清零
  86   3              while(!k3);     //等待按键释放
  87   3            }
  88   2        }
  89   1        
  90   1        if(k4==0)             //检测按键4是否按下
  91   1        {
  92   2          delayxms(10);       //延时约10毫秒，去除抖动
  93   2          if(k4==0)           //再次检测按键4是否落下
  94   2          { 
  95   3            while(!k4);       //等待按键4释放
  96   3            TR0=~TR0;         //启动或停止定时器0
  97   3          }
  98   2        }
  99   1      }
 100          
 101          void main()       //主函数
 102          {
 103   1        init();         //调用初始化函数
 104   1        while(1)
 105   1        {
 106   2          key();        //调用按键处理函数
 107   2          display(num); //调用数码管扫描函数
 108   2        }
 109   1      }
 110          
 111          void t0_time()interrupt 1 //中断函数
 112          {
 113   1        TH0=0X4C;               //重装初值
 114   1        TL0=0X00;
 115   1        numt0++;
 116   1        if(numt0==20)           //如果numt0自增到20，表明1秒的时间已到
C51 COMPILER V9.59.0.0   ____________                                                      05/19/2019 09:23:20 PAGE 3   

 117   1        {
 118   2          numt0=0;              //然后把numt0清零，重新计时
 119   2          num++;
 120   2          if(num==60)           //如果num自增到60，num清零
 121   2          num=0;
 122   2        }
 123   1      }


MODULE INFORMATION:   STATIC OVERLAYABLE
   CODE SIZE        =    222    ----
   CONSTANT SIZE    =     16    ----
   XDATA SIZE       =   ----    ----
   PDATA SIZE       =   ----    ----
   DATA SIZE        =      2       1
   IDATA SIZE       =   ----    ----
   BIT SIZE         =   ----    ----
END OF MODULE INFORMATION.


C51 COMPILATION COMPLETE.  1 WARNING(S),  0 ERROR(S)
