C51 COMPILER V9.59.0.0   LEARN                                                             07/13/2019 23:24:27 PAGE 1   


C51 COMPILER V9.59.0.0, COMPILATION OF MODULE LEARN
OBJECT MODULE PLACED IN .\Objects\learn.obj
COMPILER INVOKED BY: C:\Keil_v5\C51\BIN\C51.EXE learn.c OPTIMIZE(8,SPEED) BROWSE DEBUG OBJECTEXTEND PRINT(.\Listings\lea
                    -rn.lst) TABS(2) OBJECT(.\Objects\learn.obj)

line level    source

*** WARNING C500 IN LINE 1 OF learn.c: LICENSE ERROR (R207(3): REGISTRY READ ERROR)

   1                              /*12Mhz¾§Õñ¹¤×÷*/
   2          #include <reg52.h>
   3          #define uint unsigned int
   4          #define uchar unsigned char
   5          sbit voice=P1^5;
   6          uchar code sound[]={0x49,0x44,0x33,0x03,0x00,0x00,0x00,0x05,0x29,0x2B,0x54,0x49,0x54,0x32,0x00,0x00,
   7          
   8          0x00,0x09,0x00,0x00,0x01,0xFF,0xFE,0xA3,0x90,0x00,0x4E,0x1C,0x59,0x54,0x50,0x45,
   9          
  10          0x31,0x00,0x00,0x00,0x07,0x00,0x00,0x01,0xFF,0xFE,0x22,0x8C,0x9B,0x51,0x54,0x41,
  11          
  12          0x4C,0x42,0x00,0x00,0x00,0x09,0x00,0x00,0x01,0xFF,0xFE,0xA3,0x90,0x00,0x4E,0x1C,
  13          
  14          0x59,0x54,0x58,0x58,0x58,0x00,0x00,0x00,0x1F,0x00,0x00,0x01,0xFF,0xFE,0x49,0x00,
  15                             };
  16          uchar zdjs=0, jp;
  17          del(yj);
  18          void main(void)
  19            {
  20   1            uint dpjs=0;
  21   1            uchar yj;
  22   1            TMOD=0x01,IE=0x82;
  23   1            TH0=0xd8, TL0=0xef;
  24   1         TR0=1;
  25   1      while(1)
  26   1         {  
  27   2            zdjs=0;
  28   2            dpjs++; yj=sound[dpjs]; 
  29   2           dpjs++; jp=sound[dpjs];
  30   2         while(zdjs!=jp)
  31   2             { 
  32   3            if(yj!=0xff)
  33   3         {
  34   4                   if(yj!=0)
  35   4                     {
  36   5                   voice=!voice;
  37   5                       del(yj);
  38   5                      }
  39   4                      else
  40   4                {
  41   5                dpjs=0; 
  42   5                            break;
  43   5                           }
  44   4          }
  45   3          else
  46   3            {
  47   4              voice=0;
  48   4                       del(jp);
  49   4          }
  50   3            }
  51   2             }
  52   1         }
  53          time0() interrupt 1  using 1
C51 COMPILER V9.59.0.0   LEARN                                                             07/13/2019 23:24:27 PAGE 2   

  54                {
  55   1               TH0=0xd8, TL0=0xef;
  56   1               zdjs++;
  57   1                 }
  58          del(yj)
  59              {
  60   1            uchar yj2=2;
  61   1             while(yj!=0)
  62   1               {      
  63   2                     while(yj2!=0)
  64   2                        {
  65   3                           yj2--;
  66   3                           }
  67   2                        yj2=2;
  68   2                   yj--;  
  69   2             }
  70   1         
  71   1           }
*** WARNING C290 IN LINE 71 OF learn.c: missing return value


MODULE INFORMATION:   STATIC OVERLAYABLE
   CODE SIZE        =    139    ----
   CONSTANT SIZE    =     80    ----
   XDATA SIZE       =   ----    ----
   PDATA SIZE       =   ----    ----
   DATA SIZE        =      2       3
   IDATA SIZE       =   ----    ----
   BIT SIZE         =   ----    ----
END OF MODULE INFORMATION.


C51 COMPILATION COMPLETE.  2 WARNING(S),  0 ERROR(S)
