C51 COMPILER V9.57.0.0   001                                                               05/27/2018 17:00:14 PAGE 1   


C51 COMPILER V9.57.0.0, COMPILATION OF MODULE 001
OBJECT MODULE PLACED IN .\Objects\001.obj
COMPILER INVOKED BY: C:\Keil_v5\C51\BIN\C51.EXE 001.c OPTIMIZE(8,SPEED) BROWSE DEBUG OBJECTEXTEND PRINT(.\Listings\001.l
                    -st) OBJECT(.\Objects\001.obj)

line level    source

   1          #include<reg51.h>                                                       //51单片机头文件
   2          #include<intrins.h>                                             //包含有左右循环移位子函数的库
   3          #define uint unsigned int                               //宏定义
   4          #define uchar unsigned char                             //宏定义
   5          void delay(uint);
   6          void main()                                                     //主函数
   7          {
   8   1          uchar a,i,j;
   9   1          while(1)                                                    //大循环
  10   1          {
  11   2              a=0xfe;                                                         //赋初值
  12   2              for(j=0;j<1;j++) 
  13   2                      for(i=0;i<8;i++)                                        //左移一次
  14   2              {
  15   3                  P2=a;                                               //点亮小灯
  16   3                              delay(1000);
  17   3                  a=_crol_(a,1);                                      //将a变量循环左移一位
  18   3              }
  19   2              a=0x7f;
  20   2              for(j=0;j<1;j++) 
  21   2                      for(i=0;i<8;i++)                                        //右移一次
  22   2              {
  23   3                  P2=a;                                               //点亮小灯
  24   3                              delay(1000);
  25   3                  a=_cror_(a,1);                                      //将a变量循环右移一位
  26   3              }        
  27   2          }
  28   1      }
  29          void delay(uint z)                                              //延时函数,z的取值为这个函数的延时ms数，如delay(200);大约延时200ms.
  30          {                                                               //delay(500);大约延时500ms.
  31   1          uint x,y;
  32   1          for(x=z;x>0;x--)
  33   1              for(y=110;y>0;y--);    
  34   1      }


MODULE INFORMATION:   STATIC OVERLAYABLE
   CODE SIZE        =    125    ----
   CONSTANT SIZE    =   ----    ----
   XDATA SIZE       =   ----    ----
   PDATA SIZE       =   ----    ----
   DATA SIZE        =   ----       3
   IDATA SIZE       =   ----    ----
   BIT SIZE         =   ----    ----
END OF MODULE INFORMATION.


C51 COMPILATION COMPLETE.  0 WARNING(S),  0 ERROR(S)
