C51 COMPILER V9.57.0.0   ______                                                            06/18/2018 21:21:39 PAGE 1   


C51 COMPILER V9.57.0.0, COMPILATION OF MODULE ______
OBJECT MODULE PLACED IN .\Objects\·äÃùÆ÷.obj
COMPILER INVOKED BY: C:\Keil_v5\C51\BIN\C51.EXE ·äÃùÆ÷.c OPTIMIZE(8,SPEED) BROWSE DEBUG OBJECTEXTEND PRINT(.\Listings\·ä
                    -ÃùÆ÷.lst) OBJECT(.\Objects\·äÃùÆ÷.obj)

line level    source

   1          #include<reg52.h>
   2          #include<intrins.h>
   3          #define uchar unsigned char
   4          #define uint unsigned int
   5           sbit beep=P1^5;
   6          void delayxms(uint);
   7          
   8          void main()
   9                  {
  10   1                      while(1)
  11   1                      {
  12   2                              beep=~beep;
  13   2                              delayxms(1);
  14   2                      }
  15   1              }
  16          void delayxms(uint xms)
  17                  {       
  18   1                      uint i,j;
  19   1                      for(i=xms;i>0;i--)
  20   1                              for(j=110;j>0;j--);
  21   1              }


MODULE INFORMATION:   STATIC OVERLAYABLE
   CODE SIZE        =     41    ----
   CONSTANT SIZE    =   ----    ----
   XDATA SIZE       =   ----    ----
   PDATA SIZE       =   ----    ----
   DATA SIZE        =   ----    ----
   IDATA SIZE       =   ----    ----
   BIT SIZE         =   ----    ----
END OF MODULE INFORMATION.


C51 COMPILATION COMPLETE.  0 WARNING(S),  0 ERROR(S)
