C51 COMPILER V9.57.0.0   ____                                                              07/06/2018 21:55:49 PAGE 1   


C51 COMPILER V9.57.0.0, COMPILATION OF MODULE ____
OBJECT MODULE PLACED IN .\Objects\中断.obj
COMPILER INVOKED BY: C:\Keil_v5\C51\BIN\C51.EXE 中断.c OPTIMIZE(8,SPEED) BROWSE DEBUG OBJECTEXTEND PRINT(.\Listings\中断
                    -.lst) OBJECT(.\Objects\中断.obj)

line level    source

   1          #include<reg52.h>
   2          #define uchar unsigned char
   3          #define uiint unsigned int
   4          sbit led1=P2^0;
   5          uchar num;
   6          void main()
   7          {
   8   1              TMOD=0x01;
   9   1              TH0=(65536-50000)/256;
  10   1              TL0=(65536-50000)%256;
  11   1              EA=1;
  12   1              ET0=1;
  13   1              TR0=1;
  14   1              while(1)
  15   1              {
  16   2                      if(num==40)
  17   2                      {
  18   3                              num=0;
  19   3                              led1=~led1;
  20   3                      }
  21   2              }
  22   1      }
  23          
  24          void T0_time() interrupt 1
  25          {
  26   1              TH0=(65536-50000)/256;
  27   1              TL0=(65536-50000)%256;
  28   1              num++;
  29   1      }


MODULE INFORMATION:   STATIC OVERLAYABLE
   CODE SIZE        =     36    ----
   CONSTANT SIZE    =   ----    ----
   XDATA SIZE       =   ----    ----
   PDATA SIZE       =   ----    ----
   DATA SIZE        =      1    ----
   IDATA SIZE       =   ----    ----
   BIT SIZE         =   ----    ----
END OF MODULE INFORMATION.


C51 COMPILATION COMPLETE.  0 WARNING(S),  0 ERROR(S)
