C51 COMPILER V9.59.0.0   11                                                                09/20/2019 22:06:50 PAGE 1   


C51 COMPILER V9.59.0.0, COMPILATION OF MODULE 11
OBJECT MODULE PLACED IN .\Objects\11.obj
COMPILER INVOKED BY: C:\Keil_v5\C51\BIN\C51.EXE 11.c OPTIMIZE(8,SPEED) BROWSE DEBUG OBJECTEXTEND PRINT(.\Listings\11.lst
                    -) TABS(2) OBJECT(.\Objects\11.obj)

line level    source

*** WARNING C500 IN LINE 1 OF 11.c: LICENSE ERROR (R207(3): REGISTRY READ ERROR)

   1          #include<reg52.h> //数码管显示I LOVE U.
   2          #include<intrins.h> 
   3          typedef unsigned int u16;
   4          typedef unsigned char u8;
   5          void delayxms(u16);
   6          u16;u,j;
   7          sbit LSA=P2^2;
   8          sbit LSB=P2^3;
   9          sbit LSC=P2^4;
  10          u8 code smgduan[19]={
  11          0x06,0x00,0x38,0x3f,
  12          0x3e,0x79,0x00,0xbe};
  13          void delayxms(u16 xms)
  14          {
  15   1        for(u=xms;u>0;u--)
  16   1          for(j=110;j>0;j--);
  17   1      }
  18          void DigDisplay()
  19          {
  20   1        u8 i;
  21   1        for(i=0;i<8;i++)
  22   1        {
  23   2          switch(i)  //位选，选择点亮的数码管，
  24   2          {
  25   3            case(7):
  26   3              LSA=0;LSB=0;LSC=0; break;//显示第0位
  27   3            case(6):
  28   3              LSA=1;LSB=0;LSC=0; break;//显示第1位
  29   3            case(5):
  30   3              LSA=0;LSB=1;LSC=0; break;//显示第2位
  31   3            case(4):
  32   3              LSA=1;LSB=1;LSC=0; break;//显示第3位
  33   3            case(3):
  34   3              LSA=0;LSB=0;LSC=1; break;//显示第4位
  35   3            case(2):
  36   3              LSA=1;LSB=0;LSC=1; break;//显示第5位
  37   3            case(1):
  38   3              LSA=0;LSB=1;LSC=1; break;//显示第6位
  39   3            case(0):
  40   3              LSA=1;LSB=1;LSC=1; break;//显示第7位  
  41   3            
  42   3          }   
  43   2          P0=smgduan[i];//发送段码
  44   2          delayxms(500);  //间隔一段时间扫描  
  45   2          P0=0x00;      //消隐
  46   2        }
  47   1      }
  48          void main()
  49          { 
  50   1        while(1)
  51   1        { 
  52   2          DigDisplay();     //数码管显示函数
  53   2        }
C51 COMPILER V9.59.0.0   11                                                                09/20/2019 22:06:50 PAGE 2   

  54   1      }
  55              
  56            /*while(1)                  //大循环
  57              { u8 a,i,j;
  58                  a=0xfe;                 //赋初值
  59                  for(j=0;j<1;j++) 
  60              for(i=0;i<8;i++)            //左移一次
  61                  {
  62                      P2=a;                 //点亮小灯
  63                delayxms(500);
  64                      a=_crol_(a,1);          //将a变量循环左移一位
  65                  }
  66                  a=0x7f;
  67                  for(j=0;j<1;j++) 
  68              for(i=0;i<8;i++)          //右移一次
  69                  {
  70                      P2=a;                 //点亮小灯
  71                delayxms(500);
  72                      a=_cror_(a,1);          //将a变量循环右移一位
  73                  }        
  74              }
  75            }   
  76          }*/


MODULE INFORMATION:   STATIC OVERLAYABLE
   CODE SIZE        =    169    ----
   CONSTANT SIZE    =     19    ----
   XDATA SIZE       =   ----    ----
   PDATA SIZE       =   ----    ----
   DATA SIZE        =      4    ----
   IDATA SIZE       =   ----    ----
   BIT SIZE         =   ----    ----
END OF MODULE INFORMATION.


C51 COMPILATION COMPLETE.  1 WARNING(S),  0 ERROR(S)
