C51 COMPILER V9.52.0.0   004                                                               08/29/2018 15:40:01 PAGE 1   


C51 COMPILER V9.52.0.0, COMPILATION OF MODULE 004
OBJECT MODULE PLACED IN .\Objects\004.obj
COMPILER INVOKED BY: C:\Keil_v5\C51\BIN\C51.EXE 004.c BROWSE DEBUG OBJECTEXTEND PRINT(.\Listings\004.lst) OBJECT(.\Objec
                    -ts\004.obj)

line level    source

   1          #include<reg52.h>
   2          #include<intrins.h>
   3          #define uint unsigned int
   4          #define uchar unsigned char
   5          uchar m;
   6          void main()
   7          {       
   8   1              m=0xfe;
   9   1              while(1)
  10   1              {       uint i,j;
  11   2                      P2=m;
  12   2                      for(i=100;i>0;i--)
  13   2                              for(j=110;j>0;j--);
  14   2                      m=_cror_(m,1);
  15   2              }
  16   1              
  17   1      }void  main()
  18          
  19          {
  20   1      
  21   1          uchar m= 0,n;
  22   1              uint  i,j = 0;
  23   1      
  24   1      
  25   1          while(1)                //程序死循环  
  26   1      
  27   1          {
  28   2      
  29   2              P2 = ~(0x01 << m++);     //P0等于1左移j位，并且j++
  30   2      
  31   2              for(i=1000;i>0;i--)
  32   2                              for(j=110;j>0;j--);  //延时
  33   2      
  34   2              if(m == 8)                //如果j等于8，重新给j赋值0
  35   2      
  36   2              {
  37   3                  j = 0;
  38   3                       
  39   3              }
  40   2      
  41   2           }
  42   1      
  43   1      }
*** ERROR C237 IN LINE 43 OF 004.c: 'main': function already has a body

C51 COMPILATION COMPLETE.  0 WARNING(S),  1 ERROR(S)
