C51 COMPILER V9.52.0.0   ________                                                          09/07/2018 19:03:50 PAGE 1   


C51 COMPILER V9.52.0.0, COMPILATION OF MODULE ________
OBJECT MODULE PLACED IN 循环计时.OBJ
COMPILER INVOKED BY: C:\Keil_v5\C51\BIN\C51.EXE 循环计时.c BROWSE DEBUG OBJECTEXTEND

line level    source

   1          #include<reg52.h>               //52单片机系列头文件
   2          #define uchar unsigned char//宏定义
   3          #define uint unsigned int
   4          
   5          sbit LSA=P2^2;//控制138译码器
   6          sbit LSB=P2^3;
   7          sbit LSC=P2^4;
   8          
   9          void delayxms(uint);//延时函数声明
  10          void saomiao(uchar,uchar);//数码管扫描函数声明
  11          uchar num,num1;//数据类型声明
  12          uchar shi,ge;//数据类型声明
  13          
  14          uchar code table[]={0x3F,0x06,0x5B,0x4F,
  15                                                  0x66,0x6D,0x7D,0x07,
  16                                                  0x7F,0x6F,0x77,0x7C,
  17                                                  0x39,0x5E,0x79,0x71};//显示0~f的值
  18          
  19          
  20          void main()     //主函数
  21          {
  22   1              TMOD=0X01;//设置定时器0的为工作方式1（0000 0001）
  23   1              TH0=(65536-45872)/256;//装初值
  24   1              TL0=(65536-45872)%256;
  25   1              EA=1;//开总中断
  26   1              ET0=1;//开定时器0中断
  27   1              TR0=1;//启动定时器0
  28   1              while(1)
  29   1              {
  30   2                      saomiao(shi,ge);
  31   2              }
  32   1              
  33   1              
  34   1              
  35   1      }
  36          
  37          void saomiao (uchar shi,uchar ge)//显示子函数
  38          {       
  39   1              LSA=1;LSB=0;LSC=0;//开启第二个数码管
  40   1              P0=table[shi];//送段选数据
  41   1              delayxms(5);//延时5毫秒
  42   1              LSA=0;LSB=0;LSC=0;//开启第一个数码管
  43   1              P0=table[ge];//送入段选数据
  44   1              delayxms(5);//延时5毫秒
  45   1      }
  46          
  47          void delayxms(uint xms)//延时函数
  48          {
  49   1              uint i,j;
  50   1              for (i=xms;i>0;i--)
  51   1                      for(j=110;j>0;j--);//i=xms即延时约xms毫秒
  52   1      }
  53          
  54          void T0_time() interrupt 1//中断服务程序（定时器0的中断序号是1）
  55          {
C51 COMPILER V9.52.0.0   ________                                                          09/07/2018 19:03:50 PAGE 2   

  56   1              TH0=(65536-45872)/256;
  57   1              TL0=(65536-45872)%256;//重装初值
  58   1              num1++;
  59   1              if(num1 == 20)//如果到了20次，说明一秒的时间到
  60   1              {
  61   2                      num1=0;//然后把num1清0，重新计20次
  62   2                      num++;
  63   2                      if(num == 60)//这个数用来送数码管显示，到60后归0 
  64   2                              num=0;
  65   2                      shi=num/10;//把一个两位数分离后，分别送入数码管显示
  66   2                      ge=num%10;//十位和个位
  67   2                      
  68   2              }
  69   1      }


MODULE INFORMATION:   STATIC OVERLAYABLE
   CODE SIZE        =    153    ----
   CONSTANT SIZE    =     16    ----
   XDATA SIZE       =   ----    ----
   PDATA SIZE       =   ----    ----
   DATA SIZE        =      4       1
   IDATA SIZE       =   ----    ----
   BIT SIZE         =   ----    ----
END OF MODULE INFORMATION.


C51 COMPILATION COMPLETE.  0 WARNING(S),  0 ERROR(S)
