C51 COMPILER V9.59.0.0   ________________                                                  09/03/2019 21:28:22 PAGE 1   


C51 COMPILER V9.59.0.0, COMPILATION OF MODULE ________________
OBJECT MODULE PLACED IN .\Objects\串行口方式一编程.obj
COMPILER INVOKED BY: C:\Keil_v5\C51\BIN\C51.EXE 串行口方式一编程.c OPTIMIZE(8,SPEED) BROWSE DEBUG OBJECTEXTEND PRINT(.\L
                    -istings\串行口方式一编程.lst) TABS(2) OBJECT(.\Objects\串行口方式一编程.obj)

line level    source

*** WARNING C500 IN LINE 1 OF 串行口方式一编程.c: LICENSE ERROR (R207(3): REGISTRY READ ERROR)

   1          #include<reg52.h>
   2          #define uchar unsigned char
   3          #define uint  unsigned int
   4          
   5          uchar flag,a,i,SUBF;
   6          uchar code table[]="I get ";
   7          
   8          void init()
   9          {
  10   1        TMOD=0X20;
  11   1        TH1=0XFD;
  12   1        TL1=0XFD;
  13   1        TR1=1;
  14   1        REN=1;
  15   1        SM0=0;
  16   1        SM1=1;
  17   1        EA=1;
  18   1        ES=1;
  19   1      }
  20          
  21          void main()
  22          {
  23   1        init();
  24   1        while(1)
  25   1        {
  26   2          if(flag==1)
  27   2          {
  28   3            ES=0;
  29   3            
  30   3            for(i=0;i<6;i++)
  31   3            {
  32   4              SBUF=table[i];
  33   4              while(!TI)
  34   4              TI=0;
  35   4            }
  36   3            
  37   3            SBUF=a;
  38   3            while(!TI);
  39   3            TI=0;
  40   3            ES=1;
  41   3            flag=0;
  42   3            
  43   3          }
  44   2        }
  45   1      }
  46            
  47          void ser() interrupt 4
  48          {
  49   1        RI=0;
  50   1        a=SUBF;
  51   1        flag=1;
  52   1      }

C51 COMPILER V9.59.0.0   ________________                                                  09/03/2019 21:28:22 PAGE 2   


MODULE INFORMATION:   STATIC OVERLAYABLE
   CODE SIZE        =     89    ----
   CONSTANT SIZE    =      7    ----
   XDATA SIZE       =   ----    ----
   PDATA SIZE       =   ----    ----
   DATA SIZE        =      4    ----
   IDATA SIZE       =   ----    ----
   BIT SIZE         =   ----    ----
END OF MODULE INFORMATION.


C51 COMPILATION COMPLETE.  1 WARNING(S),  0 ERROR(S)
