C51 COMPILER V9.57.0.0   ______                                                            05/25/2018 20:50:24 PAGE 1   


C51 COMPILER V9.57.0.0, COMPILATION OF MODULE ______
OBJECT MODULE PLACED IN .\Objects\·äÃùÆ÷.obj
COMPILER INVOKED BY: C:\Keil_v5\C51\BIN\C51.EXE ·äÃùÆ÷.c OPTIMIZE(8,SPEED) BROWSE DEBUG OBJECTEXTEND PRINT(.\Listings\·ä
                    -ÃùÆ÷.lst) OBJECT(.\Objects\·äÃùÆ÷.obj)

line level    source

   1          #include<reg52.h>
   2          #include<intras.h>
*** WARNING C318 IN LINE 2 OF ·äÃùÆ÷.c: can't open file 'intras.h'
   3          #define uint unsigned int
   4          #define uchar unsigned char
   5          sbit beep=P1^5;
   6          void delayxms(uint);
   7          void main()
   8          {
   9   1              while(1)
  10   1              {
  11   2                      beep=~beep;
  12   2                      delayxms(1);
  13   2              }
  14   1      }
  15          void delayxms(uint xms)
  16          {
  17   1              uint i,j;
  18   1              for(i=xms;i>0;i--)
  19   1                      for(j=55;j>0;j--);
  20   1      }


MODULE INFORMATION:   STATIC OVERLAYABLE
   CODE SIZE        =     41    ----
   CONSTANT SIZE    =   ----    ----
   XDATA SIZE       =   ----    ----
   PDATA SIZE       =   ----    ----
   DATA SIZE        =   ----    ----
   IDATA SIZE       =   ----    ----
   BIT SIZE         =   ----    ----
END OF MODULE INFORMATION.


C51 COMPILATION COMPLETE.  1 WARNING(S),  0 ERROR(S)
