C51 COMPILER V9.52.0.0   1_1                                                               09/02/2018 15:35:43 PAGE 1   


C51 COMPILER V9.52.0.0, COMPILATION OF MODULE 1_1
OBJECT MODULE PLACED IN .\Objects\1.1.obj
COMPILER INVOKED BY: C:\Keil_v5\C51\BIN\C51.EXE 1.1.c BROWSE DEBUG OBJECTEXTEND PRINT(.\Listings\1.1.lst) OBJECT(.\Objec
                    -ts\1.1.obj)

line level    source

   1          #include<reg52.h>
   2          #define led P2
   3          void main()
   4          {
   5   1              led=0xaa;
   6   1              while(1);
   7   1      }


MODULE INFORMATION:   STATIC OVERLAYABLE
   CODE SIZE        =      5    ----
   CONSTANT SIZE    =   ----    ----
   XDATA SIZE       =   ----    ----
   PDATA SIZE       =   ----    ----
   DATA SIZE        =   ----    ----
   IDATA SIZE       =   ----    ----
   BIT SIZE         =   ----    ----
END OF MODULE INFORMATION.


C51 COMPILATION COMPLETE.  0 WARNING(S),  0 ERROR(S)
