C51 COMPILER V9.60.0.0   2                                                                 11/23/2019 20:05:11 PAGE 1   


C51 COMPILER V9.60.0.0, COMPILATION OF MODULE 2
OBJECT MODULE PLACED IN .\Objects\2.obj
COMPILER INVOKED BY: C:\Keil_v5\C51\BIN\C51.EXE 2.c OPTIMIZE(8,SPEED) BROWSE DEBUG OBJECTEXTEND PRINT(.\Listings\2.lst) 
                    -TABS(2) OBJECT(.\Objects\2.obj)

line level    source

   1          #include<reg52.h>
   2          #include<intrins.h>
   3          #define uchar unsigned char
   4          #define uint unsigned int
   5          #define led P2
   6          uchar i,j;
   7          
   8          void delayxms(uint);
   9          void main()
  10          {
  11   1        IT0=1;//跳变沿出发方式（下降沿）
  12   1        EX0=1;//打开INT0的中断允许。  
  13   1        EA=1;//打开总中断
  14   1        led=0x00;
  15   1        while(1)
  16   1        {
  17   2          if(1==j)
  18   2          {   
  19   3            for(i=0;i<7;i++)
  20   3            {     
  21   4              led=_crol_(led,1);  
  22   4              delayxms(300);
  23   4            }
  24   3          }
  25   2        }
  26   1      }
  27          
  28          void INT0_time()interrupt 0
  29          {
  30   1          j++;
  31   1          if(1==j)
  32   1          {
  33   2            led=0xfe;
  34   2            for(i=0;i<7;i++)
  35   2            {
  36   3              led=_crol_(led,1);  
  37   3              delayxms(300);
  38   3            }
  39   2          }
  40   1          else if(2==j)
  41   1          {
  42   2            led=0xff;
  43   2            j=0;
  44   2          }
  45   1      }
  46          
  47          void delayxms(uint xms)
  48          { uint i,j;
  49   1        for(i=xms;i>0;i--)
  50   1          for(j=110;j>0;j--);
  51   1      }


MODULE INFORMATION:   STATIC OVERLAYABLE
C51 COMPILER V9.60.0.0   2                                                                 11/23/2019 20:05:11 PAGE 2   

   CODE SIZE        =    191    ----
   CONSTANT SIZE    =   ----    ----
   XDATA SIZE       =   ----    ----
   PDATA SIZE       =   ----    ----
   DATA SIZE        =      2    ----
   IDATA SIZE       =   ----    ----
   BIT SIZE         =   ----    ----
END OF MODULE INFORMATION.


C51 COMPILATION COMPLETE.  0 WARNING(S),  0 ERROR(S)
