C51 COMPILER V9.60.0.0   ____                                                              12/06/2019 15:07:53 PAGE 1   


C51 COMPILER V9.60.0.0, COMPILATION OF MODULE ____
OBJECT MODULE PLACED IN .\Objects\中断.obj
COMPILER INVOKED BY: C:\Keil_v5\C51\BIN\C51.EXE ..\定时器中断\中断.c OPTIMIZE(8,SPEED) BROWSE DEBUG OBJECTEXTEND PRINT(.
                    -\Listings\中断.lst) TABS(2) OBJECT(.\Objects\中断.obj)

line level    source

   1          #include<reg52.h>
   2          sbit WAVE=P1^0;
   3          void init()
   4          {
   5   1        TMOD=0x01;  //设置定时器0的工作方式为1（m0m1为01）
   6   1        TH0=(65536-500)/256;  //装初值12M晶振，定时50ms,0xfe
   7   1        TL0=(65536-500)%256;//0x0c
   8   1        EA=1;     //开总中断
   9   1        ET0=1;    //开定时器0中断 
  10   1        TR0=1;    //启动定时器0
  11   1      }
  12          void main()
  13          {
  14   1        init();//定时器初始化
  15   1        while(1); //程序停止在这里等待中断发生
  16   1      }
  17            
  18          void T0_time()interrupt 1
  19          {
  20   1        TR0=0;
  21   1        TH0=(65536-500)/256;  //装初值12M晶振，定时500us
  22   1        TL0=(65536-500)%256;
  23   1        WAVE=~WAVE;//取反
  24   1        TR0=1;
  25   1      }


MODULE INFORMATION:   STATIC OVERLAYABLE
   CODE SIZE        =     34    ----
   CONSTANT SIZE    =   ----    ----
   XDATA SIZE       =   ----    ----
   PDATA SIZE       =   ----    ----
   DATA SIZE        =   ----    ----
   IDATA SIZE       =   ----    ----
   BIT SIZE         =   ----    ----
END OF MODULE INFORMATION.


C51 COMPILATION COMPLETE.  0 WARNING(S),  0 ERROR(S)
