C51 COMPILER V9.57.0.0   2_8                                                               05/26/2018 15:32:52 PAGE 1   


C51 COMPILER V9.57.0.0, COMPILATION OF MODULE 2_8
OBJECT MODULE PLACED IN .\Objects\2.8.obj
COMPILER INVOKED BY: C:\Keil_v5\C51\BIN\C51.EXE 2.8.c OPTIMIZE(8,SPEED) BROWSE DEBUG OBJECTEXTEND PRINT(.\Listings\2.8.l
                    -st) OBJECT(.\Objects\2.8.obj)

line level    source

   1          #include<reg52.h>
   2          #include<intrins.h>
   3          #define uchar unsigned char
   4          #define uint unsigned int
   5          #define COMMONPORTS             P0
   6          sbit SRCLK=P3^6;
   7          
   8          sbit SER=P3^4;
   9          uchar aa;
  10          uchar code TAB[8]  = {0x7f,0xbf,0xdf,0xef,0xf7,0xfb,0xfd,0xfe};
  11          uchar code CHARCODE[4][8]=
  12          {
  13          
  14          0x00,0x12,0x14,0x78,0x14,0x12,0x00,0x00,  //大
  15          0x00,0x08,0x12,0x01,0xFF,0x00,0x10,0x08,   //小
  16          0x7F,0x41,0x5D,0x55,0x5D,0x41,0x7F,0x00,  //回
  17          
  18          {0x7C,0x48,0x48,0xFF,0x48,0x48,0x7C,0x00}  //中
  19          
  20          };
  21          void delay(unsigned int time)
  22          {
  23   1        unsigned int i,j;
  24   1        for(i=0;i<time;i++)
  25   1          for(j=0;j<121;j++);
  26   1      }
  27          void Hc595SendByte(unsigned char dat)
  28          {
  29   1              unsigned char a;
  30   1              SRCLK=0;
  31   1              RCLK=0;
  32   1              for(a=0;a<8;a++)
  33   1              {
  34   2                      SER=dat>>7;
  35   2                      dat<<=1;
  36   2      
  37   2                      SRCLK=1;
  38   2                      _nop_();
  39   2                      _nop_();
  40   2                      SRCLK=0;        
  41   2              }
  42   1      
  43   1              RCLK=1;
  44   1              _nop_();
  45   1              _nop_();
  46   1              RCLK=0;
  47   1      }
  48          void Hc595SendByte(uchar);
  49          void delayms(uint);
  50          void main()
  51          {
  52   1              aa=0xfe;
  53   1              while(1)
  54   1              {       unsigned char tab, j;
C51 COMPILER V9.57.0.0   2_8                                                               05/26/2018 15:32:52 PAGE 2   

  55   2              unsigned int  i;
  56   2      
  57   2              
  58   2              
  59   2                      for(i= 0; i<50; i++ )   //两个字之间的扫描间隔时间
  60   2                      {
  61   3                              for(tab=0;tab<8;tab++)
  62   3                              {       
  63   4      
  64   4                                      Hc595SendByte(0x00);                         //消隐                                                                                                                             
  65   4                                      COMMONPORTS     = TAB[tab];                              //输出字码     
  66   4                                      Hc595SendByte(CHARCODE[j][tab]);        
  67   4                                      delay(2);               
  68   4                              }
  69   3                               
  70   3                      }
  71   2                      j++;
  72   2                      if(j == 4)
  73   2                      {
  74   3                              j = 0;
  75   3                      }
  76   2              }
  77   1                      P2=aa;
  78   1                      delayms(500);
  79   1                      aa=_cror_(aa,1);
  80   1              
  81   1      }
  82          void delayms(uint xms)
  83          {
  84   1              uint i,j;
  85   1              for(i=xms;i>0;i--)
  86   1                      for(j=110;j>0;j--);
  87   1      }
*** WARNING C294 IN LINE 77 OF 2.8.c: unreachable code


MODULE INFORMATION:   STATIC OVERLAYABLE
   CODE SIZE        =    201    ----
   CONSTANT SIZE    =     40    ----
   XDATA SIZE       =   ----    ----
   PDATA SIZE       =   ----    ----
   DATA SIZE        =      1       4
   IDATA SIZE       =   ----    ----
   BIT SIZE         =   ----    ----
END OF MODULE INFORMATION.


C51 COMPILATION COMPLETE.  1 WARNING(S),  0 ERROR(S)
