C51 COMPILER V9.52.0.0   ______                                                            08/29/2018 17:06:19 PAGE 1   


C51 COMPILER V9.52.0.0, COMPILATION OF MODULE ______
OBJECT MODULE PLACED IN .\Objects\定时器.obj
COMPILER INVOKED BY: C:\Keil_v5\C51\BIN\C51.EXE 定时器.c BROWSE DEBUG OBJECTEXTEND PRINT(.\Listings\定时器.lst) OBJECT(.
                    -\Objects\定时器.obj)

line level    source

   1          #include<reg52.h> 
   2          #define uchar unsigned char
   3          sbit LED=P2^0;
   4          void main()
   5          {
   6   1              uchar counter=0;
   7   1              LED=1;
   8   1              TMOD=0x01;
   9   1              TH0=0XB8;
  10   1              TL0=0X00;
  11   1              TR0=1;
  12   1              while(1)
  13   1              {       
  14   2                      if(1==TF0)
  15   2                      {
  16   3                              TF0=0;
  17   3                              TH0=0XB8;
  18   3                              TL0=0X00;
  19   3                              counter++;
  20   3                              if(50==counter)
  21   3                              {
  22   4                                      counter=0;
  23   4                                      LED=!LED;
  24   4                              }
  25   3                      }
  26   2              }
  27   1              
  28   1      }


MODULE INFORMATION:   STATIC OVERLAYABLE
   CODE SIZE        =     34    ----
   CONSTANT SIZE    =   ----    ----
   XDATA SIZE       =   ----    ----
   PDATA SIZE       =   ----    ----
   DATA SIZE        =   ----    ----
   IDATA SIZE       =   ----    ----
   BIT SIZE         =   ----    ----
END OF MODULE INFORMATION.


C51 COMPILATION COMPLETE.  0 WARNING(S),  0 ERROR(S)
